<?xml version="1.0" encoding="UTF-8"?>
<!-- Generated by org.testng.reporters.JUnitReportReporter -->
<testsuite skipped="0" hostname="Shubham" name="api.test.DDTests" tests="4" failures="0" timestamp="2024-07-22T21:09:30 IST" time="6.384" errors="0">
  <testcase name="testPostUser" time="3.016" classname="api.test.DDTests"/>
  <system-out/>
  <testcase name="testPostUser" time="1.113" classname="api.test.DDTests"/>
  <system-out/>
  <testcase name="testDeleteUserbyName" time="1.151" classname="api.test.DDTests"/>
  <system-out/>
  <testcase name="testDeleteUserbyName" time="1.104" classname="api.test.DDTests"/>
  <system-out/>
</testsuite> <!-- api.test.DDTests -->
