<?xml version="1.0" encoding="UTF-8"?>
<!-- Generated by org.testng.reporters.JUnitReportReporter -->
<testsuite skipped="0" hostname="Shubham" name="api.test.UserTests" tests="4" failures="0" timestamp="2024-07-22T21:09:30 IST" time="5.685" errors="0">
  <testcase name="testPostUser" time="1.154" classname="api.test.UserTests"/>
  <system-out/>
  <testcase name="testGetUserByName" time="1.099" classname="api.test.UserTests"/>
  <system-out/>
  <testcase name="testUpdateUser" time="2.350" classname="api.test.UserTests"/>
  <system-out/>
  <testcase name="testDeleteUserbyName" time="1.082" classname="api.test.UserTests"/>
  <system-out/>
</testsuite> <!-- api.test.UserTests -->
